<?xml version="1.0" encoding="UTF-8"?>
<testsuite name="PrimaryTestCases" tests="1" skipped="0" failures="0" errors="0" timestamp="2024-04-14T11:05:59" hostname="Atishas-Laptop.local" time="0.938">
  <properties/>
  <testcase name="testSFW" classname="PrimaryTestCases" time="0.938"/>
  <system-out><![CDATA[49
sorting done 
[+] Final Output : 
Adam 
Albert 
Albert 
Angela 
Cameron 
Cate 
Cate 
Cuba 
Dan 
Daryl 
Ed 
Emily 
Ewan 
Fay 
Frances 
Gene 
Gina 
Greta 
Groucho 
Harrison 
Jada 
Jane 
Julianne 
Kevin 
Kim 
Liza 
Lucille 
Matthew 
Morgan 
Morgan 
Morgan 
Penelope 
Penelope 
Renee 
Richard 
Rita 
River 
Russell 
Russell 
Salma 
Scarlett 
Sidney 
Susan 
Susan 
Sylvester 
Walter 
Warren 
Warren 
Whoopi 
Test passed :)
]]></system-out>
  <system-err><![CDATA[]]></system-err>
</testsuite>
